#
# A fatal error has been detected by the Java Runtime Environment:
#
#  EXCEPTION_ACCESS_VIOLATION (0xc0000005) at pc=0x00007ff994da33b0, pid=4568, tid=0x00000000000011a8
#
# JRE version: Java(TM) SE Runtime Environment (8.0_111-b14) (build 1.8.0_111-b14)
# Java VM: Java HotSpot(TM) 64-Bit Server VM (25.111-b14 mixed mode windows-amd64 compressed oops)
# Problematic frame:
# C  [Leap.dll+0x533b0]
#
# Failed to write core dump. Minidumps are not enabled by default on client versions of Windows
#
# If you would like to submit a bug report, please visit:
#   http://bugreport.java.com/bugreport/crash.jsp
# The crash happened outside the Java Virtual Machine in native code.
# See problematic frame for where to report the bug.
#

---------------  T H R E A D  ---------------

Current thread (0x0000000000a1d800):  JavaThread "main" [_thread_in_native, id=4520, stack(0x0000000002550000,0x0000000002650000)]

siginfo: ExceptionCode=0xc0000005, reading address 0x0000000000000008

Registers:
RAX=0x000000000264f648, RBX=0x0000000000aa7bd0, RCX=0x0000000000000000, RDX=0x0000000000aa7bd0
RSP=0x000000000264f5c8, RBP=0x000000000264f670, RSI=0x000000001691db38, RDI=0x00000000c17aa2a0
R8 =0x0000000000000000, R9 =0x000000000264f638, R10=0x00007ff9a9a0cf20, R11=0x0000000002e08280
R12=0x0000000000000000, R13=0x000000000264f6d0, R14=0x000000000264f660, R15=0x0000000000a1d800
RIP=0x00007ff994da33b0, EFLAGS=0x0000000000010202

Top of Stack: (sp=0x000000000264f5c8)
0x000000000264f5c8:   00007ff994d70a7e 0000000017cebe30
0x000000000264f5d8:   0000000018bf37f8 0000000000a1d800
0x000000000264f5e8:   0000000018bf37f8 0000000018bf8a80
0x000000000264f5f8:   0000000002debfb9 0000000002b27ca2
0x000000000264f608:   000000000264f608 0000000018bf37f8
0x000000000264f618:   000000000264f670 0000000000aa7bd0
0x000000000264f628:   000000000264f648 00000000c17aa2c8
0x000000000264f638:   00000000c17aa2c8 0000000000000000
0x000000000264f648:   00000000c17aa2a0 000000000264f6c8
0x000000000264f658:   0000000002b1835d 00000000c1844388
0x000000000264f668:   0000000002b1835d 000000000264f720
0x000000000264f678:   0000000002e082a0 0000000000000000
0x000000000264f688:   000000000264f678 0000000018bf83a5
0x000000000264f698:   000000000264f6d8 0000000018bf9910
0x000000000264f6a8:   0000000018c6d968 000000000264f720
0x000000000264f6b8:   0000000002b17b30 000000000264f6d8 

Instructions: (pc=0x00007ff994da33b0)
0x00007ff994da3390:   c3 cc cc cc cc cc cc cc cc cc cc cc cc cc cc cc
0x00007ff994da33a0:   e9 89 78 24 00 cc cc cc cc cc cc cc cc cc cc cc
0x00007ff994da33b0:   48 8b 41 08 48 85 c0 74 05 48 8b 40 10 c3 c3 cc
0x00007ff994da33c0:   48 89 5c 24 08 57 48 83 ec 20 33 c0 48 8b fa 48 


Register to memory mapping:

RAX=0x000000000264f648 is pointing into the stack for thread: 0x0000000000a1d800
RBX=0x0000000000aa7bd0 is an unknown value
RCX=0x0000000000000000 is an unknown value
RDX=0x0000000000aa7bd0 is an unknown value
RSP=0x000000000264f5c8 is pointing into the stack for thread: 0x0000000000a1d800
RBP=0x000000000264f670 is pointing into the stack for thread: 0x0000000000a1d800
RSI=0x000000001691db38 is an unknown value
RDI=0x00000000c17aa2a0 is an oop
Brain 
 - klass: 'Brain'
R8 =0x0000000000000000 is an unknown value
R9 =0x000000000264f638 is pointing into the stack for thread: 0x0000000000a1d800
R10=0x00007ff9a9a0cf20 is an unknown value
R11=0x0000000002e08280 is at entry_point+32 in (nmethod*)0x0000000002e08110
R12=0x0000000000000000 is an unknown value
R13=0x000000000264f6d0 is pointing into the stack for thread: 0x0000000000a1d800
R14=0x000000000264f660 is pointing into the stack for thread: 0x0000000000a1d800
R15=0x0000000000a1d800 is a thread


Stack: [0x0000000002550000,0x0000000002650000],  sp=0x000000000264f5c8,  free space=1021k
Native frames: (J=compiled Java code, j=interpreted, Vv=VM code, C=native code)
C  [Leap.dll+0x533b0]

Java frames: (J=compiled Java code, j=interpreted, Vv=VM code)
J 724  com.leapmotion.leap.LeapJNI.Controller_addListener(JLcom/leapmotion/leap/Controller;JLcom/leapmotion/leap/Listener;)Z (0 bytes) @ 0x0000000002debf33 [0x0000000002debec0+0x73]
J 741 C2 com.leapmotion.leap.Controller.addListener(Lcom/leapmotion/leap/Listener;)Z (14 bytes) @ 0x0000000002e082a0 [0x0000000002e08260+0x40]
j  MController.main([Ljava/lang/String;)V+25
v  ~StubRoutines::call_stub

---------------  P R O C E S S  ---------------

Java Threads: ( => current thread )
  0x0000000017657000 JavaThread "AWT-EventQueue-0" [_thread_blocked, id=11120, stack(0x00000000189f0000,0x0000000018af0000)]
  0x000000001692c000 JavaThread "AWT-Windows" daemon [_thread_in_native, id=9692, stack(0x0000000017440000,0x0000000017540000)]
  0x0000000016928000 JavaThread "AWT-Shutdown" [_thread_blocked, id=12004, stack(0x0000000017340000,0x0000000017440000)]
  0x0000000016927800 JavaThread "Java2D Disposer" daemon [_thread_blocked, id=7768, stack(0x0000000017240000,0x0000000017340000)]
  0x00000000165e7800 JavaThread "Service Thread" daemon [_thread_blocked, id=9828, stack(0x0000000016e50000,0x0000000016f50000)]
  0x0000000016559800 JavaThread "C1 CompilerThread2" daemon [_thread_blocked, id=9728, stack(0x0000000016d50000,0x0000000016e50000)]
  0x000000001516c000 JavaThread "C2 CompilerThread1" daemon [_thread_blocked, id=1284, stack(0x0000000016c50000,0x0000000016d50000)]
  0x000000001516a000 JavaThread "C2 CompilerThread0" daemon [_thread_blocked, id=4392, stack(0x0000000016b50000,0x0000000016c50000)]
  0x0000000015169800 JavaThread "Attach Listener" daemon [_thread_blocked, id=1116, stack(0x0000000016a50000,0x0000000016b50000)]
  0x000000001511e800 JavaThread "Signal Dispatcher" daemon [_thread_blocked, id=9660, stack(0x0000000016950000,0x0000000016a50000)]
  0x0000000002b0a800 JavaThread "Finalizer" daemon [_thread_blocked, id=2100, stack(0x0000000016360000,0x0000000016460000)]
  0x0000000002b02000 JavaThread "Reference Handler" daemon [_thread_blocked, id=5916, stack(0x0000000016260000,0x0000000016360000)]
=>0x0000000000a1d800 JavaThread "main" [_thread_in_native, id=4520, stack(0x0000000002550000,0x0000000002650000)]

Other Threads:
  0x00000000150d7000 VMThread [stack: 0x0000000016160000,0x0000000016260000] [id=10508]
  0x0000000016621000 WatcherThread [stack: 0x0000000016f50000,0x0000000017050000] [id=5604]

VM state:not at safepoint (normal execution)

VM Mutex/Monitor currently owned by a thread: None

Heap:
 PSYoungGen      total 50176K, used 41949K [0x00000000eb200000, 0x00000000f2c80000, 0x0000000100000000)
  eden space 47616K, 88% used [0x00000000eb200000,0x00000000edaf74b0,0x00000000ee080000)
  from space 2560K, 0% used [0x00000000ef200000,0x00000000ef200000,0x00000000ef480000)
  to   space 38912K, 0% used [0x00000000f0680000,0x00000000f0680000,0x00000000f2c80000)
 ParOldGen       total 138240K, used 48762K [0x00000000c1600000, 0x00000000c9d00000, 0x00000000eb200000)
  object space 138240K, 35% used [0x00000000c1600000,0x00000000c459e878,0x00000000c9d00000)
 Metaspace       used 10966K, capacity 11132K, committed 11392K, reserved 1058816K
  class space    used 1256K, capacity 1318K, committed 1408K, reserved 1048576K

Card table byte_map: [0x0000000011ed0000,0x00000000120d0000] byte_map_base: 0x00000000118c5000

Marking Bits: (ParMarkBitMap*) 0x0000000064dba6c0
 Begin Bits: [0x0000000012620000, 0x00000000135c8000)
 End Bits:   [0x00000000135c8000, 0x0000000014570000)

Polling page: 0x00000000009d0000

CodeCache: size=245760Kb used=3198Kb max_used=3198Kb free=242562Kb
 bounds [0x0000000002b10000, 0x0000000002e40000, 0x0000000011b10000]
 total_blobs=1300 nmethods=820 adapters=393
 compilation: enabled

Compilation events (10 events):
Event: 7.022 Thread 0x0000000016559800  809  s    3       com.leapmotion.leap.Vector::delete (34 bytes)
Event: 7.022 Thread 0x0000000016559800 nmethod 809 0x0000000002e2d7d0 code [0x0000000002e2d940, 0x0000000002e2dce8]
Event: 7.049 Thread 0x0000000016559800  810       3       com.leapmotion.leap.Bone::finalize (5 bytes)
Event: 7.049 Thread 0x0000000016559800 nmethod 810 0x0000000002e26610 code [0x0000000002e26780, 0x0000000002e26928]
Event: 7.050 Thread 0x0000000016559800  811  s    3       com.leapmotion.leap.Bone::delete (38 bytes)
Event: 7.053 Thread 0x0000000016559800 nmethod 811 0x0000000002e2ddd0 code [0x0000000002e2df40, 0x0000000002e2e2f8]
Event: 7.080 Thread 0x0000000016559800  812       3       com.leapmotion.leap.FingerList::get (18 bytes)
Event: 7.082 Thread 0x0000000016559800 nmethod 812 0x0000000002e2e790 code [0x0000000002e2e940, 0x0000000002e2ed68]
Event: 7.097 Thread 0x0000000016559800  817       3       Brain::getAngleOfFinger (43 bytes)
Event: 7.098 Thread 0x0000000016559800 nmethod 817 0x0000000002e2f7d0 code [0x0000000002e2fa40, 0x0000000002e30768]

GC Heap History (10 events):
Event: 3.295 GC heap before
{Heap before GC invocations=3 (full 0):
 PSYoungGen      total 35328K, used 35311K [0x00000000eb200000, 0x00000000ed700000, 0x0000000100000000)
  eden space 32768K, 100% used [0x00000000eb200000,0x00000000ed200000,0x00000000ed200000)
  from space 2560K, 99% used [0x00000000ed480000,0x00000000ed6fbce8,0x00000000ed700000)
  to   space 2560K, 0% used [0x00000000ed200000,0x00000000ed200000,0x00000000ed480000)
 ParOldGen       total 44032K, used 9437K [0x00000000c1600000, 0x00000000c4100000, 0x00000000eb200000)
  object space 44032K, 21% used [0x00000000c1600000,0x00000000c1f37770,0x00000000c4100000)
 Metaspace       used 10959K, capacity 11132K, committed 11392K, reserved 1058816K
  class space    used 1256K, capacity 1318K, committed 1408K, reserved 1048576K
Event: 3.354 GC heap after
Heap after GC invocations=3 (full 0):
 PSYoungGen      total 35328K, used 2551K [0x00000000eb200000, 0x00000000ef700000, 0x0000000100000000)
  eden space 32768K, 0% used [0x00000000eb200000,0x00000000eb200000,0x00000000ed200000)
  from space 2560K, 99% used [0x00000000ed200000,0x00000000ed47dcb8,0x00000000ed480000)
  to   space 2560K, 0% used [0x00000000ef480000,0x00000000ef480000,0x00000000ef700000)
 ParOldGen       total 44032K, used 36821K [0x00000000c1600000, 0x00000000c4100000, 0x00000000eb200000)
  object space 44032K, 83% used [0x00000000c1600000,0x00000000c39f5770,0x00000000c4100000)
 Metaspace       used 10959K, capacity 11132K, committed 11392K, reserved 1058816K
  class space    used 1256K, capacity 1318K, committed 1408K, reserved 1048576K
}
Event: 3.354 GC heap before
{Heap before GC invocations=4 (full 1):
 PSYoungGen      total 35328K, used 2551K [0x00000000eb200000, 0x00000000ef700000, 0x0000000100000000)
  eden space 32768K, 0% used [0x00000000eb200000,0x00000000eb200000,0x00000000ed200000)
  from space 2560K, 99% used [0x00000000ed200000,0x00000000ed47dcb8,0x00000000ed480000)
  to   space 2560K, 0% used [0x00000000ef480000,0x00000000ef480000,0x00000000ef700000)
 ParOldGen       total 44032K, used 36821K [0x00000000c1600000, 0x00000000c4100000, 0x00000000eb200000)
  object space 44032K, 83% used [0x00000000c1600000,0x00000000c39f5770,0x00000000c4100000)
 Metaspace       used 10959K, capacity 11132K, committed 11392K, reserved 1058816K
  class space    used 1256K, capacity 1318K, committed 1408K, reserved 1048576K
Event: 4.370 GC heap after
Heap after GC invocations=4 (full 1):
 PSYoungGen      total 35328K, used 0K [0x00000000eb200000, 0x00000000ef700000, 0x0000000100000000)
  eden space 32768K, 0% used [0x00000000eb200000,0x00000000eb200000,0x00000000ed200000)
  from space 2560K, 0% used [0x00000000ed200000,0x00000000ed200000,0x00000000ed480000)
  to   space 2560K, 0% used [0x00000000ef480000,0x00000000ef480000,0x00000000ef700000)
 ParOldGen       total 100352K, used 38945K [0x00000000c1600000, 0x00000000c7800000, 0x00000000eb200000)
  object space 100352K, 38% used [0x00000000c1600000,0x00000000c3c087a8,0x00000000c7800000)
 Metaspace       used 10959K, capacity 11132K, committed 11392K, reserved 1058816K
  class space    used 1256K, capacity 1318K, committed 1408K, reserved 1048576K
}
Event: 5.124 GC heap before
{Heap before GC invocations=5 (full 1):
 PSYoungGen      total 35328K, used 32768K [0x00000000eb200000, 0x00000000ef700000, 0x0000000100000000)
  eden space 32768K, 100% used [0x00000000eb200000,0x00000000ed200000,0x00000000ed200000)
  from space 2560K, 0% used [0x00000000ed200000,0x00000000ed200000,0x00000000ed480000)
  to   space 2560K, 0% used [0x00000000ef480000,0x00000000ef480000,0x00000000ef700000)
 ParOldGen       total 100352K, used 38945K [0x00000000c1600000, 0x00000000c7800000, 0x00000000eb200000)
  object space 100352K, 38% used [0x00000000c1600000,0x00000000c3c087a8,0x00000000c7800000)
 Metaspace       used 10960K, capacity 11132K, committed 11392K, reserved 1058816K
  class space    used 1256K, capacity 1318K, committed 1408K, reserved 1048576K
Event: 5.187 GC heap after
Heap after GC invocations=5 (full 1):
 PSYoungGen      total 41472K, used 2560K [0x00000000eb200000, 0x00000000ef700000, 0x0000000100000000)
  eden space 38912K, 0% used [0x00000000eb200000,0x00000000eb200000,0x00000000ed800000)
  from space 2560K, 100% used [0x00000000ef480000,0x00000000ef700000,0x00000000ef700000)
  to   space 2560K, 0% used [0x00000000ef200000,0x00000000ef200000,0x00000000ef480000)
 ParOldGen       total 100352K, used 59569K [0x00000000c1600000, 0x00000000c7800000, 0x00000000eb200000)
  object space 100352K, 59% used [0x00000000c1600000,0x00000000c502c7a8,0x00000000c7800000)
 Metaspace       used 10960K, capacity 11132K, committed 11392K, reserved 1058816K
  class space    used 1256K, capacity 1318K, committed 1408K, reserved 1048576K
}
Event: 6.123 GC heap before
{Heap before GC invocations=6 (full 1):
 PSYoungGen      total 41472K, used 41472K [0x00000000eb200000, 0x00000000ef700000, 0x0000000100000000)
  eden space 38912K, 100% used [0x00000000eb200000,0x00000000ed800000,0x00000000ed800000)
  from space 2560K, 100% used [0x00000000ef480000,0x00000000ef700000,0x00000000ef700000)
  to   space 2560K, 0% used [0x00000000ef200000,0x00000000ef200000,0x00000000ef480000)
 ParOldGen       total 100352K, used 59569K [0x00000000c1600000, 0x00000000c7800000, 0x00000000eb200000)
  object space 100352K, 59% used [0x00000000c1600000,0x00000000c502c7a8,0x00000000c7800000)
 Metaspace       used 10962K, capacity 11132K, committed 11392K, reserved 1058816K
  class space    used 1256K, capacity 1318K, committed 1408K, reserved 1048576K
Event: 6.217 GC heap after
Heap after GC invocations=6 (full 1):
 PSYoungGen      total 50176K, used 2560K [0x00000000eb200000, 0x00000000f2c80000, 0x0000000100000000)
  eden space 47616K, 0% used [0x00000000eb200000,0x00000000eb200000,0x00000000ee080000)
  from space 2560K, 100% used [0x00000000ef200000,0x00000000ef480000,0x00000000ef480000)
  to   space 38912K, 0% used [0x00000000f0680000,0x00000000f0680000,0x00000000f2c80000)
 ParOldGen       total 100352K, used 83257K [0x00000000c1600000, 0x00000000c7800000, 0x00000000eb200000)
  object space 100352K, 82% used [0x00000000c1600000,0x00000000c674e7a8,0x00000000c7800000)
 Metaspace       used 10962K, capacity 11132K, committed 11392K, reserved 1058816K
  class space    used 1256K, capacity 1318K, committed 1408K, reserved 1048576K
}
Event: 6.217 GC heap before
{Heap before GC invocations=7 (full 2):
 PSYoungGen      total 50176K, used 2560K [0x00000000eb200000, 0x00000000f2c80000, 0x0000000100000000)
  eden space 47616K, 0% used [0x00000000eb200000,0x00000000eb200000,0x00000000ee080000)
  from space 2560K, 100% used [0x00000000ef200000,0x00000000ef480000,0x00000000ef480000)
  to   space 38912K, 0% used [0x00000000f0680000,0x00000000f0680000,0x00000000f2c80000)
 ParOldGen       total 100352K, used 83257K [0x00000000c1600000, 0x00000000c7800000, 0x00000000eb200000)
  object space 100352K, 82% used [0x00000000c1600000,0x00000000c674e7a8,0x00000000c7800000)
 Metaspace       used 10962K, capacity 11132K, committed 11392K, reserved 1058816K
  class space    used 1256K, capacity 1318K, committed 1408K, reserved 1048576K
Event: 6.779 GC heap after
Heap after GC invocations=7 (full 2):
 PSYoungGen      total 50176K, used 0K [0x00000000eb200000, 0x00000000f2c80000, 0x0000000100000000)
  eden space 47616K, 0% used [0x00000000eb200000,0x00000000eb200000,0x00000000ee080000)
  from space 2560K, 0% used [0x00000000ef200000,0x00000000ef200000,0x00000000ef480000)
  to   space 38912K, 0% used [0x00000000f0680000,0x00000000f0680000,0x00000000f2c80000)
 ParOldGen       total 138240K, used 48762K [0x00000000c1600000, 0x00000000c9d00000, 0x00000000eb200000)
  object space 138240K, 35% used [0x00000000c1600000,0x00000000c459e878,0x00000000c9d00000)
 Metaspace       used 10962K, capacity 11132K, committed 11392K, reserved 1058816K
  class space    used 1256K, capacity 1318K, committed 1408K, reserved 1048576K
}

Deoptimization events (10 events):
Event: 0.841 Thread 0x0000000000a1d800 Uncommon trap: reason=class_check action=maybe_recompile pc=0x0000000002d3daf0 method=java.util.HashMap.putVal(ILjava/lang/Object;Ljava/lang/Object;ZZ)Ljava/lang/Object; @ 203
Event: 0.841 Thread 0x0000000000a1d800 Uncommon trap: reason=class_check action=maybe_recompile pc=0x0000000002d3daf0 method=java.util.HashMap.putVal(ILjava/lang/Object;Ljava/lang/Object;ZZ)Ljava/lang/Object; @ 203
Event: 0.859 Thread 0x0000000000a1d800 Uncommon trap: reason=unstable_if action=reinterpret pc=0x0000000002dac510 method=java.lang.Character.isSurrogate(C)Z @ 3
Event: 0.861 Thread 0x0000000000a1d800 Uncommon trap: reason=unstable_if action=reinterpret pc=0x0000000002d025d0 method=java.lang.String.toLowerCase(Ljava/util/Locale;)Ljava/lang/String; @ 37
Event: 2.483 Thread 0x0000000017657000 Uncommon trap: reason=unstable_if action=reinterpret pc=0x0000000002d99f64 method=java.lang.ThreadLocal.get()Ljava/lang/Object; @ 11
Event: 4.402 Thread 0x0000000002b0a800 Uncommon trap: reason=bimorphic action=maybe_recompile pc=0x0000000002e1e9dc method=java.lang.System$2.invokeFinalize(Ljava/lang/Object;)V @ 1
Event: 4.448 Thread 0x0000000002b0a800 Uncommon trap: reason=bimorphic action=maybe_recompile pc=0x0000000002e1e9dc method=java.lang.System$2.invokeFinalize(Ljava/lang/Object;)V @ 1
Event: 4.448 Thread 0x0000000002b0a800 Uncommon trap: reason=bimorphic action=maybe_recompile pc=0x0000000002e1e9dc method=java.lang.System$2.invokeFinalize(Ljava/lang/Object;)V @ 1
Event: 4.452 Thread 0x0000000002b0a800 Uncommon trap: reason=bimorphic action=maybe_recompile pc=0x0000000002e1e9dc method=java.lang.System$2.invokeFinalize(Ljava/lang/Object;)V @ 1
Event: 7.581 Thread 0x0000000000a1d800 Uncommon trap: reason=unstable_if action=reinterpret pc=0x0000000002e0a340 method=MController.main([Ljava/lang/String;)V @ 38

Internal exceptions (10 events):
Event: 0.260 Thread 0x0000000000a1d800 Exception <a 'java/security/PrivilegedActionException'> (0x00000000eb425bc8) thrown at [C:\re\workspace\8-2-build-windows-amd64-cygwin\jdk8u111\7883\hotspot\src\share\vm\prims\jvm.cpp, line 1386]
Event: 0.261 Thread 0x0000000000a1d800 Exception <a 'java/security/PrivilegedActionException'> (0x00000000eb429ab0) thrown at [C:\re\workspace\8-2-build-windows-amd64-cygwin\jdk8u111\7883\hotspot\src\share\vm\prims\jvm.cpp, line 1386]
Event: 0.261 Thread 0x0000000000a1d800 Exception <a 'java/security/PrivilegedActionException'> (0x00000000eb429cc0) thrown at [C:\re\workspace\8-2-build-windows-amd64-cygwin\jdk8u111\7883\hotspot\src\share\vm\prims\jvm.cpp, line 1386]
Event: 0.267 Thread 0x0000000000a1d800 Exception <a 'java/io/FileNotFoundException'> (0x00000000eb42f138) thrown at [C:\re\workspace\8-2-build-windows-amd64-cygwin\jdk8u111\7883\hotspot\src\share\vm\prims\jni.cpp, line 709]
Event: 0.360 Thread 0x0000000000a1d800 Exception <a 'java/lang/NoSuchFieldError': method resolution failed> (0x00000000eb4fc5a8) thrown at [C:\re\workspace\8-2-build-windows-amd64-cygwin\jdk8u111\7883\hotspot\src\share\vm\prims\methodHandles.cpp, line 1146]
Event: 0.374 Thread 0x0000000000a1d800 Exception <a 'java/lang/NoSuchFieldError': method resolution failed> (0x00000000eb5098f8) thrown at [C:\re\workspace\8-2-build-windows-amd64-cygwin\jdk8u111\7883\hotspot\src\share\vm\prims\methodHandles.cpp, line 1146]
Event: 0.473 Thread 0x0000000000a1d800 Exception <a 'java/io/FileNotFoundException'> (0x00000000eb59d648) thrown at [C:\re\workspace\8-2-build-windows-amd64-cygwin\jdk8u111\7883\hotspot\src\share\vm\prims\jni.cpp, line 709]
Event: 0.603 Thread 0x0000000000a1d800 Exception <a 'java/io/FileNotFoundException'> (0x00000000eb6b2be8) thrown at [C:\re\workspace\8-2-build-windows-amd64-cygwin\jdk8u111\7883\hotspot\src\share\vm\prims\jni.cpp, line 709]
Event: 0.603 Thread 0x0000000000a1d800 Exception <a 'java/lang/NullPointerException'> (0x00000000eb6b33c0) thrown at [C:\re\workspace\8-2-build-windows-amd64-cygwin\jdk8u111\7883\hotspot\src\share\vm\interpreter\linkResolver.cpp, line 1178]
Event: 2.483 Thread 0x0000000017657000 Implicit null exception at 0x0000000002d99ea8 to 0x0000000002d99f51

Events (10 events):
Event: 7.556 Thread 0x0000000017afe800 Thread exited: 0x0000000017afe800
Event: 7.567 Thread 0x0000000017b01800 Thread added: 0x0000000017b01800
Event: 7.568 Thread 0x0000000017b01800 Thread exited: 0x0000000017b01800
Event: 7.580 Thread 0x0000000017b00000 Thread added: 0x0000000017b00000
Event: 7.581 Thread 0x0000000000a1d800 Uncommon trap: trap_request=0xffffff65 fr.pc=0x0000000002e0a340
Event: 7.581 Thread 0x0000000000a1d800 DEOPT PACKING pc=0x0000000002e0a340 sp=0x000000000264f6d0
Event: 7.581 Thread 0x0000000000a1d800 DEOPT UNPACKING pc=0x0000000002b5582a sp=0x000000000264f6a8 mode 2
Event: 7.581 Thread 0x0000000017b00000 Thread exited: 0x0000000017b00000
Event: 7.606 Thread 0x0000000017b01800 Thread added: 0x0000000017b01800
Event: 7.606 Thread 0x0000000017b01800 Thread exited: 0x0000000017b01800


Dynamic libraries:
0x00007ff799ae0000 - 0x00007ff799b17000 	D:\Program Files\Java\jdk1.8.0_111\bin\java.exe
0x00007ff9c5b30000 - 0x00007ff9c5d01000 	C:\WINDOWS\SYSTEM32\ntdll.dll
0x00007ff9c5580000 - 0x00007ff9c562c000 	C:\WINDOWS\System32\KERNEL32.DLL
0x00007ff9c2a90000 - 0x00007ff9c2cad000 	C:\WINDOWS\System32\KERNELBASE.dll
0x00007ff9c5370000 - 0x00007ff9c5412000 	C:\WINDOWS\System32\ADVAPI32.dll
0x00007ff9c31c0000 - 0x00007ff9c325e000 	C:\WINDOWS\System32\msvcrt.dll
0x00007ff9c5aa0000 - 0x00007ff9c5af9000 	C:\WINDOWS\System32\sechost.dll
0x00007ff9c5770000 - 0x00007ff9c5891000 	C:\WINDOWS\System32\RPCRT4.dll
0x00007ff9c3b30000 - 0x00007ff9c3c95000 	C:\WINDOWS\System32\USER32.dll
0x00007ff9c2d70000 - 0x00007ff9c2d8e000 	C:\WINDOWS\System32\win32u.dll
0x00007ff9c5a60000 - 0x00007ff9c5a94000 	C:\WINDOWS\System32\GDI32.dll
0x00007ff9c2e40000 - 0x00007ff9c2fc0000 	C:\WINDOWS\System32\gdi32full.dll
0x00007ff9afd40000 - 0x00007ff9affba000 	C:\WINDOWS\WinSxS\amd64_microsoft.windows.common-controls_6595b64144ccf1df_6.0.14393.953_none_42151e83c686086b\COMCTL32.dll
0x00007ff9c32c0000 - 0x00007ff9c3588000 	C:\WINDOWS\System32\combase.dll
0x00007ff9c2fc0000 - 0x00007ff9c30b5000 	C:\WINDOWS\System32\ucrtbase.dll
0x00007ff9c2cb0000 - 0x00007ff9c2d1a000 	C:\WINDOWS\System32\bcryptPrimitives.dll
0x00007ff9c5b00000 - 0x00007ff9c5b2e000 	C:\WINDOWS\System32\IMM32.DLL
0x00000000644c0000 - 0x0000000064592000 	D:\Program Files\Java\jdk1.8.0_111\jre\bin\msvcr100.dll
0x00000000645a0000 - 0x0000000064e3a000 	D:\Program Files\Java\jdk1.8.0_111\jre\bin\server\jvm.dll
0x00007ff9c3aa0000 - 0x00007ff9c3aa8000 	C:\WINDOWS\System32\PSAPI.DLL
0x00007ff9bcad0000 - 0x00007ff9bcad9000 	C:\WINDOWS\SYSTEM32\WSOCK32.dll
0x00007ff9c39d0000 - 0x00007ff9c3a3a000 	C:\WINDOWS\System32\WS2_32.dll
0x00007ff9c0400000 - 0x00007ff9c0423000 	C:\WINDOWS\SYSTEM32\WINMM.dll
0x00007ff9b6f40000 - 0x00007ff9b6f4a000 	C:\WINDOWS\SYSTEM32\VERSION.dll
0x00007ff9c03a0000 - 0x00007ff9c03cb000 	C:\WINDOWS\SYSTEM32\WINMMBASE.dll
0x00007ff9c2d20000 - 0x00007ff9c2d62000 	C:\WINDOWS\System32\cfgmgr32.dll
0x0000000064470000 - 0x000000006447f000 	D:\Program Files\Java\jdk1.8.0_111\jre\bin\verify.dll
0x0000000064440000 - 0x0000000064469000 	D:\Program Files\Java\jdk1.8.0_111\jre\bin\java.dll
0x0000000064420000 - 0x0000000064436000 	D:\Program Files\Java\jdk1.8.0_111\jre\bin\zip.dll
0x00007ff9c3ca0000 - 0x00007ff9c51a8000 	C:\WINDOWS\System32\SHELL32.dll
0x00007ff9c22a0000 - 0x00007ff9c297a000 	C:\WINDOWS\System32\windows.storage.dll
0x00007ff9c1fd0000 - 0x00007ff9c201c000 	C:\WINDOWS\System32\powrprof.dll
0x00007ff9c3a40000 - 0x00007ff9c3a92000 	C:\WINDOWS\System32\shlwapi.dll
0x00007ff9c1fc0000 - 0x00007ff9c1fcf000 	C:\WINDOWS\System32\kernel.appcore.dll
0x00007ff9c29e0000 - 0x00007ff9c2a89000 	C:\WINDOWS\System32\shcore.dll
0x00007ff9c1fa0000 - 0x00007ff9c1fb4000 	C:\WINDOWS\System32\profapi.dll
0x0000000064240000 - 0x00000000643d8000 	D:\Program Files\Java\jdk1.8.0_111\jre\bin\awt.dll
0x00007ff9c52b0000 - 0x00007ff9c536f000 	C:\WINDOWS\System32\OLEAUT32.dll
0x00007ff9c2030000 - 0x00007ff9c20cc000 	C:\WINDOWS\System32\msvcp_win.dll
0x00007ff9c0520000 - 0x00007ff9c059a000 	C:\WINDOWS\SYSTEM32\apphelp.dll
0x00007ff9bfc10000 - 0x00007ff9bfc36000 	C:\WINDOWS\system32\DWMAPI.DLL
0x00007ff9c0700000 - 0x00007ff9c0795000 	C:\WINDOWS\system32\uxtheme.dll
0x00007ff9c5420000 - 0x00007ff9c557a000 	C:\WINDOWS\System32\MSCTF.dll
0x00007ff9a9fe0000 - 0x00007ff9aa078000 	C:\Program Files\Common Files\microsoft shared\ink\tiptsf.dll
0x00007ff9c5630000 - 0x00007ff9c5768000 	C:\WINDOWS\System32\ole32.dll
0x00000000641f0000 - 0x0000000064237000 	D:\Program Files\Java\jdk1.8.0_111\jre\bin\fontmanager.dll
0x0000000064400000 - 0x000000006441a000 	D:\Program Files\Java\jdk1.8.0_111\jre\bin\net.dll
0x00007ff9c1870000 - 0x00007ff9c18cc000 	C:\WINDOWS\system32\mswsock.dll
0x00000000643e0000 - 0x00000000643f1000 	D:\Program Files\Java\jdk1.8.0_111\jre\bin\nio.dll
0x00000000641a0000 - 0x00000000641e2000 	D:\Program Files\Java\jdk1.8.0_111\jre\bin\t2k.dll
0x00007ff9c51b0000 - 0x00007ff9c524f000 	C:\WINDOWS\System32\clbcatq.dll
0x00007ff9a9110000 - 0x00007ff9a92ba000 	C:\Windows\System32\uiautomationcore.dll
0x00007ff9c16f0000 - 0x00007ff9c170f000 	C:\Windows\System32\USERENV.dll
0x00007ff9c1de0000 - 0x00007ff9c1e78000 	C:\WINDOWS\SYSTEM32\sxs.dll
0x00007ff9addc0000 - 0x00007ff9ade25000 	C:\Windows\System32\OLEACC.dll
0x00007ff9af030000 - 0x00007ff9af0ad000 	C:\WINDOWS\SYSTEM32\twinapi.dll
0x00007ff9c0a60000 - 0x00007ff9c0b7c000 	C:\WINDOWS\SYSTEM32\twinapi.appcore.dll
0x00007ff9c1ee0000 - 0x00007ff9c1f0b000 	C:\WINDOWS\SYSTEM32\bcrypt.dll
0x00007ff9a9a00000 - 0x00007ff9a9a3a000 	F:\LeapDeveloperKit_3.2.0+45899_win\LeapSDK\lib\x64\LeapJava.dll
0x00007ff99fbf0000 - 0x00007ff99fc96000 	D:\Program Files\Java\jdk1.8.0_111\jre\bin\MSVCP120.dll
0x00007ff99fb00000 - 0x00007ff99fbef000 	D:\Program Files\Java\jdk1.8.0_111\jre\bin\MSVCR120.dll
0x00007ff994d50000 - 0x00007ff995105000 	F:\LeapDeveloperKit_3.2.0+45899_win\LeapSDK\lib\x64\Leap.dll
0x00007ff9c1340000 - 0x00007ff9c1372000 	C:\WINDOWS\SYSTEM32\ntmarta.dll
0x00007ff9bd190000 - 0x00007ff9bd322000 	C:\WINDOWS\SYSTEM32\dbghelp.dll

VM Arguments:
jvm_args: -Dfile.encoding=UTF-8 -Djava.library.path=F:\LeapDeveloperKit_3.2.0+45899_win\LeapSDK\lib\x64 
java_command: MController
java_class_path (initial): F:\LeapDeveloperKit_3.2.0+45899_win\LeapSDK\lib\LeapJava.jar;C:\Users\dogdays'\Documents\NetBeansProjects\MagicFingers\build\classes
Launcher Type: SUN_STANDARD

Environment Variables:
JAVA_HOME=D:\Program Files\Java\jdk1.8.0_111
CLASSPATH=.;D:\Program Files\Java\jdk1.8.0_111\lib;D:\Program Files\Java\jdk1.8.0_111\lib\tools.jar
PATH=F:\LeapDeveloperKit_3.2.0+45899_win\LeapSDK\lib\x64;m32;C:\WINDOWS;C:\WINDOWS\System32\Wbem;C:\WINDOWS\System32\WindowsPowerShell\v1.0\;D:\Program Files\Java\jdk1.8.0_111\bin;D:\Program Files\Java\jdk1.8.0_111\jre\bin;C:\Program Files (x86)\GtkSharp\2.12\bin;D:\MinGW\bin;C:\Program Files (x86)\PharosSystems\Core;C:\ProgramData\Oracle\Java\javapath;C:\WINDOWS\system32;C:\WINDOWS;C:\WINDOWS\System32\Wbem;C:\WINDOWS\System32\WindowsPowerShell\v1.0\;D:\Program Files\Java\jdk1.8.0_111\bin;D:\Program Files\Java\jdk1.8.0_111\jre\bin;C:\Program Files (x86)\GtkSharp\2.12\bin;D:\MinGW\bin;C:\Program Files (x86)\PharosSystems\Core;d:\Ruby23-x64\bin;C:\Users\dogdays'\AppData\Local\Microsoft\WindowsApps;D:\Program Files (x86)\Ruff SDK\bin;X:\path\to\ruff-sdk\binC:\ProgramData\Oracle\Java\javapath;C:\WINDOWS\system32;C:\WINDOWS;C:\WINDOWS\System32\Wbem;C:\WINDOWS\System32\WindowsPowerShell\v1.0\;D:\Program Files\Java\jdk1.8.0_111\bin;D:\Program Files\Java\jdk1.8.0_111\jre\bin;C:\Program Files (x86)\GtkSharp\2.12\bin;D:\MinGW\bin;C:\Program Files (x86)\PharosSystems\Core;C:\ProgramData\Oracle\Java\javapath;C:\WINDOWS\system32;C:\WINDOWS;C:\WINDOWS\System32\Wbem;C:\WINDOWS\System32\WindowsPowerShell\v1.0\;D:\Program Files\Java\jdk1.8.0_111\bin;D:\Program Files\Java\jdk1.8.0_111\jre\bin;C:\Program Files (x86)\GtkSharp\2.12\bin;D:\MinGW\bin;C:\Program Files (x86)\PharosSystems\Core;d:\Ruby23-x64\bin;C:\Users\dogdays'\AppData\Local\Microsoft\WindowsApps;D:\Program Files (x86)\Ruff SDK\bin;X:\path\to\ruff-sdk\bin
USERNAME=dogdays'
OS=Windows_NT
PROCESSOR_IDENTIFIER=Intel64 Family 6 Model 69 Stepping 1, GenuineIntel



---------------  S Y S T E M  ---------------

OS: Windows 10.0 , 64 bit Build 14393 (10.0.14393.1198)

CPU:total 4 (2 cores per cpu, 2 threads per core) family 6 model 69 stepping 1, cmov, cx8, fxsr, mmx, sse, sse2, sse3, ssse3, sse4.1, sse4.2, popcnt, avx, avx2, aes, clmul, erms, lzcnt, ht, tsc, tscinvbit, bmi1, bmi2

Memory: 4k page, physical 4097112k(661896k free), swap 8729796k(1281484k free)

vm_info: Java HotSpot(TM) 64-Bit Server VM (25.111-b14) for windows-amd64 JRE (1.8.0_111-b14), built on Sep 22 2016 19:24:05 by "java_re" with MS VC++ 10.0 (VS2010)

time: Sun Jul 09 07:48:36 2017
elapsed time: 7 seconds (0d 0h 0m 7s)

